<?xml version="1.0" encoding="UTF-8"?>
<!-- Generated by org.testng.reporters.JUnitXMLReporter -->
<testsuite hostname="DESKTOP-3KA80RE" ignored="0" name="FreeCRM app test cases" tests="3" failures="1" timestamp="12 Feb 2020 09:07:40 GMT" time="65.636" errors="0">
  <testcase name="loginpagetitleTest" time="0.095" classname="com.qa.testcases.TestLoginpage">
    <failure type="java.lang.AssertionError" message="expected [CRMPRO123 - CRM software for customer relationship management, sales, and support.] but found [CRMPRO - CRM software for customer relationship management, sales, and support.]">
      <![CDATA[java.lang.AssertionError: expected [CRMPRO123 - CRM software for customer relationship management, sales, and support.] but found [CRMPRO - CRM software for customer relationship management, sales, and support.]
at com.qa.testcases.TestLoginpage.loginpagetitleTest(TestLoginpage.java:42)
... Removed 34 stack frames]]>
    </failure>
  </testcase> <!-- loginpagetitleTest -->
  <testcase name="validatesignuplinkTest" time="0.112" classname="com.qa.testcases.TestLoginpage"/>
  <testcase name="validateloginfunctionalityTest" time="11.093" classname="com.qa.testcases.TestLoginpage"/>
</testsuite> <!-- FreeCRM app test cases -->
